app/build/intermediates/manifest_merge_blame_file/debug/manifest-merger-blame-debug-report.txt
1<?xml version="1.0" encoding="utf-8"?>
2<manifest xmlns:android="http://schemas.android.com/apk/res/android"
3    package="dordonez.aplicacionllamada" >
4
5    <uses-sdk android:minSdkVersion="21" />
5-->src\main\AndroidManifest.xml
6
7    <application
7-->src\main\AndroidManifest.xml:4:5-20:19
8        android:allowBackup="true"
8-->src\main\AndroidManifest.xml:5:9-35
9        android:debuggable="true"
10        android:icon="@mipmap/ic_launcher"
10-->src\main\AndroidManifest.xml:6:9-43
11        android:label="@string/app_name"
11-->src\main\AndroidManifest.xml:7:9-41
12        android:supportsRtl="true"
12-->src\main\AndroidManifest.xml:8:9-35
13        android:testOnly="true" >
14        <activity
14-->src\main\AndroidManifest.xml:10:9-18:20
15            android:name="dordonez.aplicacionllamada.CalledActivity"
15-->src\main\AndroidManifest.xml:11:13-43
16            android:label="@string/app_name" >
16-->src\main\AndroidManifest.xml:12:13-45
17            <intent-filter>
17-->src\main\AndroidManifest.xml:13:13-17:29
18                <action android:name="android.intent.action.MAIN" />
18-->src\main\AndroidManifest.xml:14:17-69
18-->src\main\AndroidManifest.xml:14:25-66
19                <action android:name="dordonez.aplicacionllamada.ACCION_SALUDO" />
19-->src\main\AndroidManifest.xml:15:17-83
19-->src\main\AndroidManifest.xml:15:25-80
20
21                <category android:name="android.intent.category.LAUNCHER" />
21-->src\main\AndroidManifest.xml:16:17-77
21-->src\main\AndroidManifest.xml:16:27-74
22            </intent-filter>
23        </activity>
24    </application>
25
26</manifest>